0 info it worked if it ends with ok
1 verbose cli [ 'node', '/usr/local/bin/npm', 'run', 'dev' ]
2 info using npm@3.5.2
3 info using node@v0.12.6
4 verbose run-script [ 'predev', 'dev', 'postdev' ]
5 info lifecycle app@0.0.1~predev: app@0.0.1
6 silly lifecycle app@0.0.1~predev: no script for predev, continuing
7 info lifecycle app@0.0.1~dev: app@0.0.1
8 verbose lifecycle app@0.0.1~dev: unsafe-perm in lifecycle true
9 verbose lifecycle app@0.0.1~dev: PATH: /usr/local/lib/node_modules/npm/bin/node-gyp-bin:/home/jcortes/Publico/desarrollo/git/egghead-cyclejs/node_modules/.bin:/usr/local/heroku/bin:/home/jcortes/Publico/android-sdk-linux/platform-tools:/home/jcortes/Publico/apache-maven-3.2.1/bin:/usr/local/sbin:/usr/local/bin:/usr/sbin:/usr/bin:/sbin:/bin:/usr/games:/usr/local/games
10 verbose lifecycle app@0.0.1~dev: CWD: /home/jcortes/Publico/desarrollo/git/egghead-cyclejs
11 silly lifecycle app@0.0.1~dev: Args: [ '-c', 'cross-env NODE_ENV=development babel-node .' ]
12 silly lifecycle app@0.0.1~dev: Returned: code: 1  signal: null
13 info lifecycle app@0.0.1~dev: Failed to exec dev script
14 verbose stack Error: app@0.0.1 dev: `cross-env NODE_ENV=development babel-node .`
14 verbose stack Exit status 1
14 verbose stack     at EventEmitter.<anonymous> (/usr/local/lib/node_modules/npm/lib/utils/lifecycle.js:232:16)
14 verbose stack     at EventEmitter.emit (events.js:110:17)
14 verbose stack     at ChildProcess.<anonymous> (/usr/local/lib/node_modules/npm/lib/utils/spawn.js:24:14)
14 verbose stack     at ChildProcess.emit (events.js:110:17)
14 verbose stack     at maybeClose (child_process.js:1015:16)
14 verbose stack     at Process.ChildProcess._handle.onexit (child_process.js:1087:5)
15 verbose pkgid app@0.0.1
16 verbose cwd /home/jcortes/Publico/desarrollo/git/egghead-cyclejs
17 error Linux 4.2.0-35-generic
18 error argv "node" "/usr/local/bin/npm" "run" "dev"
19 error node v0.12.6
20 error npm  v3.5.2
21 error code ELIFECYCLE
22 error app@0.0.1 dev: `cross-env NODE_ENV=development babel-node .`
22 error Exit status 1
23 error Failed at the app@0.0.1 dev script 'cross-env NODE_ENV=development babel-node .'.
23 error Make sure you have the latest version of node.js and npm installed.
23 error If you do, this is most likely a problem with the app package,
23 error not with npm itself.
23 error Tell the author that this fails on your system:
23 error     cross-env NODE_ENV=development babel-node .
23 error You can get information on how to open an issue for this project with:
23 error     npm bugs app
23 error Or if that isn't available, you can get their info via:
23 error     npm owner ls app
23 error There is likely additional logging output above.
24 verbose exit [ 1, true ]
